You must install or update .NET to run this application.

App: C:\projects\the-upper-room\backend\src\TheUpperRoom.Api\bin\Debug\net10.0\TheUpperRoom.Api.exe
Architecture: x64
Framework: 'Microsoft.NETCore.App', version '10.0.0' (x64)
.NET location: C:\Program Files\dotnet

The following frameworks were found:
  2.1.30 at [C:\Program Files\dotnet\shared\Microsoft.NETCore.App]
  3.1.22 at [C:\Program Files\dotnet\shared\Microsoft.NETCore.App]
  5.0.13 at [C:\Program Files\dotnet\shared\Microsoft.NETCore.App]
  6.0.1 at [C:\Program Files\dotnet\shared\Microsoft.NETCore.App]
  6.0.36 at [C:\Program Files\dotnet\shared\Microsoft.NETCore.App]
  7.0.2 at [C:\Program Files\dotnet\shared\Microsoft.NETCore.App]
  7.0.20 at [C:\Program Files\dotnet\shared\Microsoft.NETCore.App]
  8.0.11 at [C:\Program Files\dotnet\shared\Microsoft.NETCore.App]
  8.0.14 at [C:\Program Files\dotnet\shared\Microsoft.NETCore.App]
  9.0.0 at [C:\Program Files\dotnet\shared\Microsoft.NETCore.App]
  9.0.3 at [C:\Program Files\dotnet\shared\Microsoft.NETCore.App]
  9.0.15 at [C:\Program Files\dotnet\shared\Microsoft.NETCore.App]
  11.0.0-preview.3.26207.106 at [C:\Program Files\dotnet\shared\Microsoft.NETCore.App]

The following frameworks for other architectures were found:
  x86
    6.0.36 at [C:\Program Files (x86)\dotnet\shared\Microsoft.NETCore.App]
    7.0.20 at [C:\Program Files (x86)\dotnet\shared\Microsoft.NETCore.App]
    8.0.11 at [C:\Program Files (x86)\dotnet\shared\Microsoft.NETCore.App]
    8.0.14 at [C:\Program Files (x86)\dotnet\shared\Microsoft.NETCore.App]
    9.0.0 at [C:\Program Files (x86)\dotnet\shared\Microsoft.NETCore.App]
    9.0.3 at [C:\Program Files (x86)\dotnet\shared\Microsoft.NETCore.App]

Learn more:
https://aka.ms/dotnet/app-launch-failed

To install missing framework, download:
https://aka.ms/dotnet-core-applaunch?framework=Microsoft.NETCore.App&framework_version=10.0.0&arch=x64&rid=win-x64&os=win10
