[  192014ms] [ERROR] TypeError: Cannot read properties of null (reading 'length')
    at EventDetail_Conditional_0_Template (http://localhost:4200/main.js:13417:50)
    at executeTemplate (http://localhost:4200/@fs/C:/projects/the-upper-room/frontend/.angular/cache/21.2.10/the-upper-room/vite/deps/chunk-R7AJGQHG.js?v=1102e43f:8554:5)
    at refreshView (http://localhost:4200/@fs/C:/projects/the-upper-room/frontend/.angular/cache/21.2.10/the-upper-room/vite/deps/chunk-R7AJGQHG.js?v=1102e43f:9214:7)
    at detectChangesInView (http://localhost:4200/@fs/C:/projects/the-upper-room/frontend/.angular/cache/21.2.10/the-upper-room/vite/deps/chunk-R7AJGQHG.js?v=1102e43f:9354:5)
    at detectChangesInViewIfAttached (http://localhost:4200/@fs/C:/projects/the-upper-room/frontend/.angular/cache/21.2.10/the-upper-room/vite/deps/chunk-R7AJGQHG.js?v=1102e43f:9337:3)
    at detectChangesInEmbeddedViews (http://localhost:4200/@fs/C:/projects/the-upper-room/frontend/.angular/cache/21.2.10/the-upper-room/vite/deps/chunk-R7AJGQHG.js?v=1102e43f:9308:7)
    at refreshView (http://localhost:4200/@fs/C:/projects/the-upper-room/frontend/.angular/cache/21.2.10/the-upper-room/vite/deps/chunk-R7AJGQHG.js?v=1102e43f:9235:5)
    at detectChangesInView (http://localhost:4200/@fs/C:/projects/the-upper-room/frontend/.angular/cache/21.2.10/the-upper-room/vite/deps/chunk-R7AJGQHG.js?v=1102e43f:9354:5)
    at detectChangesInViewIfAttached (http://localhost:4200/@fs/C:/projects/the-upper-room/frontend/.angular/cache/21.2.10/the-upper-room/vite/deps/chunk-R7AJGQHG.js?v=1102e43f:9337:3)
    at detectChangesInComponent (http://localhost:4200/@fs/C:/projects/the-upper-room/frontend/.angular/cache/21.2.10/the-upper-room/vite/deps/chunk-R7AJGQHG.js?v=1102e43f:9328:5) @ http://localhost:4200/main.js:15110
[  192024ms] [ERROR] TypeError: Cannot read properties of null (reading 'length')
    at EventDetail_Conditional_0_Template (http://localhost:4200/main.js:13417:50)
    at executeTemplate (http://localhost:4200/@fs/C:/projects/the-upper-room/frontend/.angular/cache/21.2.10/the-upper-room/vite/deps/chunk-R7AJGQHG.js?v=1102e43f:8554:5)
    at refreshView (http://localhost:4200/@fs/C:/projects/the-upper-room/frontend/.angular/cache/21.2.10/the-upper-room/vite/deps/chunk-R7AJGQHG.js?v=1102e43f:9214:7)
    at detectChangesInView (http://localhost:4200/@fs/C:/projects/the-upper-room/frontend/.angular/cache/21.2.10/the-upper-room/vite/deps/chunk-R7AJGQHG.js?v=1102e43f:9354:5)
    at detectChangesInViewIfAttached (http://localhost:4200/@fs/C:/projects/the-upper-room/frontend/.angular/cache/21.2.10/the-upper-room/vite/deps/chunk-R7AJGQHG.js?v=1102e43f:9337:3)
    at detectChangesInEmbeddedViews (http://localhost:4200/@fs/C:/projects/the-upper-room/frontend/.angular/cache/21.2.10/the-upper-room/vite/deps/chunk-R7AJGQHG.js?v=1102e43f:9308:7)
    at refreshView (http://localhost:4200/@fs/C:/projects/the-upper-room/frontend/.angular/cache/21.2.10/the-upper-room/vite/deps/chunk-R7AJGQHG.js?v=1102e43f:9235:5)
    at detectChangesInView (http://localhost:4200/@fs/C:/projects/the-upper-room/frontend/.angular/cache/21.2.10/the-upper-room/vite/deps/chunk-R7AJGQHG.js?v=1102e43f:9354:5)
    at detectChangesInViewIfAttached (http://localhost:4200/@fs/C:/projects/the-upper-room/frontend/.angular/cache/21.2.10/the-upper-room/vite/deps/chunk-R7AJGQHG.js?v=1102e43f:9337:3)
    at detectChangesInComponent (http://localhost:4200/@fs/C:/projects/the-upper-room/frontend/.angular/cache/21.2.10/the-upper-room/vite/deps/chunk-R7AJGQHG.js?v=1102e43f:9328:5) @ http://localhost:4200/main.js:15110
[  192030ms] [ERROR] TypeError: Cannot read properties of null (reading 'length')
    at EventDetail_Conditional_0_Template (http://localhost:4200/main.js:13417:50)
    at executeTemplate (http://localhost:4200/@fs/C:/projects/the-upper-room/frontend/.angular/cache/21.2.10/the-upper-room/vite/deps/chunk-R7AJGQHG.js?v=1102e43f:8554:5)
    at refreshView (http://localhost:4200/@fs/C:/projects/the-upper-room/frontend/.angular/cache/21.2.10/the-upper-room/vite/deps/chunk-R7AJGQHG.js?v=1102e43f:9214:7)
    at detectChangesInView (http://localhost:4200/@fs/C:/projects/the-upper-room/frontend/.angular/cache/21.2.10/the-upper-room/vite/deps/chunk-R7AJGQHG.js?v=1102e43f:9354:5)
    at detectChangesInViewIfAttached (http://localhost:4200/@fs/C:/projects/the-upper-room/frontend/.angular/cache/21.2.10/the-upper-room/vite/deps/chunk-R7AJGQHG.js?v=1102e43f:9337:3)
    at detectChangesInEmbeddedViews (http://localhost:4200/@fs/C:/projects/the-upper-room/frontend/.angular/cache/21.2.10/the-upper-room/vite/deps/chunk-R7AJGQHG.js?v=1102e43f:9308:7)
    at refreshView (http://localhost:4200/@fs/C:/projects/the-upper-room/frontend/.angular/cache/21.2.10/the-upper-room/vite/deps/chunk-R7AJGQHG.js?v=1102e43f:9235:5)
    at detectChangesInView (http://localhost:4200/@fs/C:/projects/the-upper-room/frontend/.angular/cache/21.2.10/the-upper-room/vite/deps/chunk-R7AJGQHG.js?v=1102e43f:9354:5)
    at detectChangesInViewIfAttached (http://localhost:4200/@fs/C:/projects/the-upper-room/frontend/.angular/cache/21.2.10/the-upper-room/vite/deps/chunk-R7AJGQHG.js?v=1102e43f:9337:3)
    at detectChangesInComponent (http://localhost:4200/@fs/C:/projects/the-upper-room/frontend/.angular/cache/21.2.10/the-upper-room/vite/deps/chunk-R7AJGQHG.js?v=1102e43f:9328:5) @ http://localhost:4200/main.js:15110
[ 1944916ms] [ERROR] Failed to load resource: the server responded with a status of 401 (Unauthorized) @ http://localhost:4200/api/v1/contacts:0
[ 2054778ms] [ERROR] Failed to load resource: the server responded with a status of 401 (Unauthorized) @ http://localhost:4200/api/v1/contacts:0
[ 2694223ms] [ERROR] TypeError: Cannot read properties of undefined (reading 'length')
    at PartnerList.isEmpty.ngDevMode.debugName [as computation] (http://localhost:4200/main.js:9750:45)
    at Object.producerRecomputeValue (http://localhost:4200/@fs/C:/projects/the-upper-room/frontend/.angular/cache/21.2.10/the-upper-room/vite/deps/chunk-R7AJGQHG.js?v=1102e43f:306:25)
    at producerUpdateValueVersion (http://localhost:4200/@fs/C:/projects/the-upper-room/frontend/.angular/cache/21.2.10/the-upper-room/vite/deps/chunk-R7AJGQHG.js?v=1102e43f:107:8)
    at consumerPollProducersForChange (http://localhost:4200/@fs/C:/projects/the-upper-room/frontend/.angular/cache/21.2.10/the-upper-room/vite/deps/chunk-R7AJGQHG.js?v=1102e43f:175:5)
    at detectChangesInView (http://localhost:4200/@fs/C:/projects/the-upper-room/frontend/.angular/cache/21.2.10/the-upper-room/vite/deps/chunk-R7AJGQHG.js?v=1102e43f:9347:47)
    at detectChangesInViewIfAttached (http://localhost:4200/@fs/C:/projects/the-upper-room/frontend/.angular/cache/21.2.10/the-upper-room/vite/deps/chunk-R7AJGQHG.js?v=1102e43f:9337:3)
    at detectChangesInComponent (http://localhost:4200/@fs/C:/projects/the-upper-room/frontend/.angular/cache/21.2.10/the-upper-room/vite/deps/chunk-R7AJGQHG.js?v=1102e43f:9328:5)
    at detectChangesInChildComponents (http://localhost:4200/@fs/C:/projects/the-upper-room/frontend/.angular/cache/21.2.10/the-upper-room/vite/deps/chunk-R7AJGQHG.js?v=1102e43f:9376:5)
    at detectChangesInView (http://localhost:4200/@fs/C:/projects/the-upper-room/frontend/.angular/cache/21.2.10/the-upper-room/vite/deps/chunk-R7AJGQHG.js?v=1102e43f:9364:9)
    at detectChangesInViewIfAttached (http://localhost:4200/@fs/C:/projects/the-upper-room/frontend/.angular/cache/21.2.10/the-upper-room/vite/deps/chunk-R7AJGQHG.js?v=1102e43f:9337:3) @ http://localhost:4200/main.js:15113
[ 2694227ms] [ERROR] TypeError: Cannot read properties of undefined (reading 'length')
    at PartnerList.isEmpty.ngDevMode.debugName [as computation] (http://localhost:4200/main.js:9750:45)
    at Object.producerRecomputeValue (http://localhost:4200/@fs/C:/projects/the-upper-room/frontend/.angular/cache/21.2.10/the-upper-room/vite/deps/chunk-R7AJGQHG.js?v=1102e43f:306:25)
    at producerUpdateValueVersion (http://localhost:4200/@fs/C:/projects/the-upper-room/frontend/.angular/cache/21.2.10/the-upper-room/vite/deps/chunk-R7AJGQHG.js?v=1102e43f:107:8)
    at consumerPollProducersForChange (http://localhost:4200/@fs/C:/projects/the-upper-room/frontend/.angular/cache/21.2.10/the-upper-room/vite/deps/chunk-R7AJGQHG.js?v=1102e43f:175:5)
    at detectChangesInView (http://localhost:4200/@fs/C:/projects/the-upper-room/frontend/.angular/cache/21.2.10/the-upper-room/vite/deps/chunk-R7AJGQHG.js?v=1102e43f:9347:47)
    at detectChangesInViewIfAttached (http://localhost:4200/@fs/C:/projects/the-upper-room/frontend/.angular/cache/21.2.10/the-upper-room/vite/deps/chunk-R7AJGQHG.js?v=1102e43f:9337:3)
    at detectChangesInComponent (http://localhost:4200/@fs/C:/projects/the-upper-room/frontend/.angular/cache/21.2.10/the-upper-room/vite/deps/chunk-R7AJGQHG.js?v=1102e43f:9328:5)
    at detectChangesInChildComponents (http://localhost:4200/@fs/C:/projects/the-upper-room/frontend/.angular/cache/21.2.10/the-upper-room/vite/deps/chunk-R7AJGQHG.js?v=1102e43f:9376:5)
    at detectChangesInView (http://localhost:4200/@fs/C:/projects/the-upper-room/frontend/.angular/cache/21.2.10/the-upper-room/vite/deps/chunk-R7AJGQHG.js?v=1102e43f:9364:9)
    at detectChangesInViewIfAttached (http://localhost:4200/@fs/C:/projects/the-upper-room/frontend/.angular/cache/21.2.10/the-upper-room/vite/deps/chunk-R7AJGQHG.js?v=1102e43f:9337:3) @ http://localhost:4200/main.js:15113
[ 2694237ms] [ERROR] TypeError: Cannot read properties of undefined (reading 'length')
    at PartnerList.isEmpty.ngDevMode.debugName [as computation] (http://localhost:4200/main.js:9750:45)
    at Object.producerRecomputeValue (http://localhost:4200/@fs/C:/projects/the-upper-room/frontend/.angular/cache/21.2.10/the-upper-room/vite/deps/chunk-R7AJGQHG.js?v=1102e43f:306:25)
    at producerUpdateValueVersion (http://localhost:4200/@fs/C:/projects/the-upper-room/frontend/.angular/cache/21.2.10/the-upper-room/vite/deps/chunk-R7AJGQHG.js?v=1102e43f:107:8)
    at consumerPollProducersForChange (http://localhost:4200/@fs/C:/projects/the-upper-room/frontend/.angular/cache/21.2.10/the-upper-room/vite/deps/chunk-R7AJGQHG.js?v=1102e43f:175:5)
    at detectChangesInView (http://localhost:4200/@fs/C:/projects/the-upper-room/frontend/.angular/cache/21.2.10/the-upper-room/vite/deps/chunk-R7AJGQHG.js?v=1102e43f:9347:47)
    at detectChangesInViewIfAttached (http://localhost:4200/@fs/C:/projects/the-upper-room/frontend/.angular/cache/21.2.10/the-upper-room/vite/deps/chunk-R7AJGQHG.js?v=1102e43f:9337:3)
    at detectChangesInComponent (http://localhost:4200/@fs/C:/projects/the-upper-room/frontend/.angular/cache/21.2.10/the-upper-room/vite/deps/chunk-R7AJGQHG.js?v=1102e43f:9328:5)
    at detectChangesInChildComponents (http://localhost:4200/@fs/C:/projects/the-upper-room/frontend/.angular/cache/21.2.10/the-upper-room/vite/deps/chunk-R7AJGQHG.js?v=1102e43f:9376:5)
    at detectChangesInView (http://localhost:4200/@fs/C:/projects/the-upper-room/frontend/.angular/cache/21.2.10/the-upper-room/vite/deps/chunk-R7AJGQHG.js?v=1102e43f:9364:9)
    at detectChangesInViewIfAttached (http://localhost:4200/@fs/C:/projects/the-upper-room/frontend/.angular/cache/21.2.10/the-upper-room/vite/deps/chunk-R7AJGQHG.js?v=1102e43f:9337:3) @ http://localhost:4200/main.js:15113
[ 2694302ms] [ERROR] TypeError: Cannot read properties of undefined (reading 'length')
    at PartnerList.isEmpty.ngDevMode.debugName [as computation] (http://localhost:4200/main.js:9750:45)
    at Object.producerRecomputeValue (http://localhost:4200/@fs/C:/projects/the-upper-room/frontend/.angular/cache/21.2.10/the-upper-room/vite/deps/chunk-R7AJGQHG.js?v=1102e43f:306:25)
    at producerUpdateValueVersion (http://localhost:4200/@fs/C:/projects/the-upper-room/frontend/.angular/cache/21.2.10/the-upper-room/vite/deps/chunk-R7AJGQHG.js?v=1102e43f:107:8)
    at consumerPollProducersForChange (http://localhost:4200/@fs/C:/projects/the-upper-room/frontend/.angular/cache/21.2.10/the-upper-room/vite/deps/chunk-R7AJGQHG.js?v=1102e43f:175:5)
    at detectChangesInView (http://localhost:4200/@fs/C:/projects/the-upper-room/frontend/.angular/cache/21.2.10/the-upper-room/vite/deps/chunk-R7AJGQHG.js?v=1102e43f:9347:47)
    at detectChangesInViewIfAttached (http://localhost:4200/@fs/C:/projects/the-upper-room/frontend/.angular/cache/21.2.10/the-upper-room/vite/deps/chunk-R7AJGQHG.js?v=1102e43f:9337:3)
    at detectChangesInComponent (http://localhost:4200/@fs/C:/projects/the-upper-room/frontend/.angular/cache/21.2.10/the-upper-room/vite/deps/chunk-R7AJGQHG.js?v=1102e43f:9328:5)
    at detectChangesInChildComponents (http://localhost:4200/@fs/C:/projects/the-upper-room/frontend/.angular/cache/21.2.10/the-upper-room/vite/deps/chunk-R7AJGQHG.js?v=1102e43f:9376:5)
    at detectChangesInView (http://localhost:4200/@fs/C:/projects/the-upper-room/frontend/.angular/cache/21.2.10/the-upper-room/vite/deps/chunk-R7AJGQHG.js?v=1102e43f:9364:9)
    at detectChangesInViewIfAttached (http://localhost:4200/@fs/C:/projects/the-upper-room/frontend/.angular/cache/21.2.10/the-upper-room/vite/deps/chunk-R7AJGQHG.js?v=1102e43f:9337:3) @ http://localhost:4200/main.js:15113
[ 3082785ms] [ERROR] Failed to load resource: the server responded with a status of 409 (Conflict) @ http://localhost:4200/api/v1/partners/p-seed:0
