[GET] http://localhost:4200/api/v1/users/me => [200] OK
[GET] http://localhost:4200/api/v1/notifications => [200] OK
[GET] http://localhost:4200/api/v1/boards => [200] OK
[POST] http://localhost:4200/api/v1/boards => [201] Created
[GET] http://localhost:4200/api/v1/users/me => [200] OK
[GET] http://localhost:4200/api/v1/notifications => [200] OK
[GET] http://localhost:4200/api/v1/boards => [200] OK
[GET] http://localhost:4200/api/v1/cities => [200] OK
[GET] http://localhost:4200/api/v1/users/me => [200] OK
[GET] http://localhost:4200/api/v1/notifications => [200] OK
[GET] http://localhost:4200/api/v1/boards => [200] OK
[GET] http://localhost:4200/api/v1/cities => [200] OK
[GET] http://localhost:4200/api/v1/users/me => [200] OK
[GET] http://localhost:4200/api/v1/notifications => [200] OK
[GET] http://localhost:4200/api/v1/boards => [200] OK
[GET] http://localhost:4200/api/v1/cities => [200] OK
[GET] http://localhost:4200/api/v1/users/me => [200] OK
[GET] http://localhost:4200/api/v1/notifications => [200] OK
[GET] http://localhost:4200/api/v1/boards => [200] OK
[GET] http://localhost:4200/api/v1/cities => [200] OK
[GET] http://localhost:4200/api/v1/users/me => [200] OK
[GET] http://localhost:4200/api/v1/notifications => [200] OK
[GET] http://localhost:4200/api/v1/boards => [200] OK
[GET] http://localhost:4200/api/v1/cities => [200] OK
[GET] http://localhost:4200/api/v1/boards/4d608a4e => [200] OK
[GET] http://localhost:4200/api/v1/users/me => [200] OK
[GET] http://localhost:4200/api/v1/notifications => [200] OK
[GET] http://localhost:4200/api/v1/boards/4d608a4e => [200] OK
[GET] http://localhost:4200/api/v1/cities => [200] OK
[GET] http://localhost:4200/api/v1/users/me => [200] OK
[GET] http://localhost:4200/api/v1/notifications => [200] OK
[GET] http://localhost:4200/api/v1/boards/4d608a4e => [200] OK
[GET] http://localhost:4200/api/v1/cities => [200] OK
[GET] http://localhost:4200/api/v1/users/me => [200] OK
[GET] http://localhost:4200/api/v1/notifications => [200] OK
[GET] http://localhost:4200/api/v1/boards/4d608a4e => [200] OK
[GET] http://localhost:4200/api/v1/cities => [200] OK
[POST] http://localhost:4200/api/v1/cards/8ab0e041/move => [200] OK
[PATCH] http://localhost:4200/api/v1/cards/8ab0e041 => [200] OK
[GET] http://localhost:4200/api/v1/users/me => [200] OK
[GET] http://localhost:4200/api/v1/notifications => [200] OK
[GET] http://localhost:4200/api/v1/boards/4d608a4e => [200] OK
[GET] http://localhost:4200/api/v1/cities => [200] OK
[DELETE] http://localhost:4200/api/v1/cards/8ab0e041 => [405] Method Not Allowed